<?xml version="1.0" encoding="utf-8"?><testsuite errors="0" failures="0" name="pytest" skips="16" tests="265" time="91.358"><testcase classname="cherrypy.test.test_auth_basic.BasicAuthTest" file="cherrypy\test\test_auth_basic.py" line="68" name="testBasic" time="0.24830341339111328"></testcase><testcase classname="cherrypy.test.test_auth_basic.BasicAuthTest" file="cherrypy\test\test_auth_basic.py" line="82" name="testBasic2" time="0.015611886978149414"></testcase><testcase classname="cherrypy.test.test_auth_basic.BasicAuthTest" file="cherrypy\test\test_auth_basic.py" line="62" name="testPublic" time="0.0"></testcase><testcase classname="cherrypy.test.test_auth_basic.BasicAuthTest" file="cherrypy\test\helper.py" line="284" name="test_gc" time="0.2046947479248047"></testcase><testcase classname="cherrypy.test.test_auth_digest.DigestAuthTest" file="cherrypy\test\test_auth_digest.py" line="48" name="testDigest" time="0.2359306812286377"></testcase><testcase classname="cherrypy.test.test_auth_digest.DigestAuthTest" file="cherrypy\test\test_auth_digest.py" line="42" name="testPublic" time="0.0"></testcase><testcase classname="cherrypy.test.test_auth_digest.DigestAuthTest" file="cherrypy\test\helper.py" line="284" name="test_gc" time="0.19405841827392578"></testcase><testcase classname="cherrypy.test.test_bus.PublishSubscribeTests" file="cherrypy\test\test_bus.py" line="17" name="test_builtin_channels" time="0.0"></testcase><testcase classname="cherrypy.test.test_bus.PublishSubscribeTests" file="cherrypy\test\test_bus.py" line="35" name="test_custom_channels" time="0.0"></testcase><testcase classname="cherrypy.test.test_bus.PublishSubscribeTests" file="cherrypy\test\test_bus.py" line="55" name="test_listener_errors" time="0.0"></testcase><testcase classname="cherrypy.test.test_bus.BusMethodTests" file="cherrypy\test\test_bus.py" line="194" name="test_block" time="0.41182994842529297"></testcase><testcase classname="cherrypy.test.test_bus.BusMethodTests" file="cherrypy\test\test_bus.py" line="151" name="test_exit" time="0.0"></testcase><testcase classname="cherrypy.test.test_bus.BusMethodTests" file="cherrypy\test\test_bus.py" line="133" name="test_graceful" time="0.0"></testcase><testcase classname="cherrypy.test.test_bus.BusMethodTests" file="cherrypy\test\test_bus.py" line="247" name="test_log" time="0.0"></testcase><testcase classname="cherrypy.test.test_bus.BusMethodTests" file="cherrypy\test\test_bus.py" line="90" name="test_start" time="0.0"></testcase><testcase classname="cherrypy.test.test_bus.BusMethodTests" file="cherrypy\test\test_bus.py" line="224" name="test_start_with_callback" time="0.203125"></testcase><testcase classname="cherrypy.test.test_bus.BusMethodTests" file="cherrypy\test\test_bus.py" line="114" name="test_stop" time="0.0"></testcase><testcase classname="cherrypy.test.test_bus.BusMethodTests" file="cherrypy\test\test_bus.py" line="174" name="test_wait" time="0.9966709613800049"></testcase><testcase classname="cherrypy.test.test_caching.CacheTest" file="cherrypy\test\test_caching.py" line="133" name="testCaching" time="0.2702772617340088"></testcase><testcase classname="cherrypy.test.test_caching.CacheTest" file="cherrypy\test\test_caching.py" line="206" name="testExpiresTool" time="0.03125405311584473"></testcase><testcase classname="cherrypy.test.test_caching.CacheTest" file="cherrypy\test\test_caching.py" line="272" name="testLastModified" time="0.0"></testcase><testcase classname="cherrypy.test.test_caching.CacheTest" file="cherrypy\test\test_caching.py" line="183" name="testVaryHeader" time="0.015628337860107422"></testcase><testcase classname="cherrypy.test.test_caching.CacheTest" file="cherrypy\test\test_caching.py" line="293" name="test_antistampede" time="8.208532094955444"></testcase><testcase classname="cherrypy.test.test_caching.CacheTest" file="cherrypy\test\test_caching.py" line="321" name="test_cache_control" time="1.015636920928955"></testcase><testcase classname="cherrypy.test.test_caching.CacheTest" file="cherrypy\test\helper.py" line="284" name="test_gc" time="0.2343754768371582"></testcase><testcase classname="cherrypy.test.test_compat.StringTester" file="cherrypy\test\test_compat.py" line="14" name="test_ntob_non_native" time="0.0"><skipped message="Only useful on Python 2" type="pytest.skip">cherrypy\test\test_compat.py:14: &lt;py._xmlgen.raw object at 0x0000004AC78582E8&gt;</skipped></testcase><testcase classname="cherrypy.test.test_compat.EscapeTester" file="cherrypy\test\test_compat.py" line="28" name="test_escape_quote" time="0.0"></testcase><testcase classname="cherrypy.test.test_config.ConfigTests" file="cherrypy\test\test_config.py" line="147" name="testConfig" time="0.2968623638153076"></testcase><testcase classname="cherrypy.test.test_config.ConfigTests" file="cherrypy\test\test_config.py" line="223" name="testCustomNamespaces" time="0.0"></testcase><testcase classname="cherrypy.test.test_config.ConfigTests" file="cherrypy\test\test_config.py" line="230" name="testHandlerToolConfigOverride" time="0.0"></testcase><testcase classname="cherrypy.test.test_config.ConfigTests" file="cherrypy\test\test_config.py" line="218" name="testRespNamespaces" time="0.015630483627319336"></testcase><testcase classname="cherrypy.test.test_config.ConfigTests" file="cherrypy\test\test_config.py" line="188" name="testUnrepr" time="0.015625953674316406"></testcase><testcase classname="cherrypy.test.test_config.ConfigTests" file="cherrypy\test\test_config.py" line="238" name="test_request_body_namespace" time="0.0"></testcase><testcase classname="cherrypy.test.test_config.ConfigTests" file="cherrypy\test\helper.py" line="284" name="test_gc" time="0.18750619888305664"></testcase><testcase classname="cherrypy.test.test_config.VariableSubstitutionTests" file="cherrypy\test\test_config.py" line="249" name="test_config" time="0.0"></testcase><testcase classname="cherrypy.test.test_config.CallablesInConfigTest" file="cherrypy\test\test_config.py" line="285" name="test_call_with_kwargs" time="0.015644550323486328"></testcase><testcase classname="cherrypy.test.test_config.CallablesInConfigTest" file="cherrypy\test\test_config.py" line="275" name="test_call_with_literal_dict" time="0.0"></testcase><testcase classname="cherrypy.test.test_config_server.ServerConfigTests" file="cherrypy\test\test_config_server.py" line="58" name="testAdditionalServers" time="5.622386455535889"></testcase><testcase classname="cherrypy.test.test_config_server.ServerConfigTests" file="cherrypy\test\test_config_server.py" line="54" name="testBasicConfig" time="0.0"></testcase><testcase classname="cherrypy.test.test_config_server.ServerConfigTests" file="cherrypy\test\test_config_server.py" line="85" name="testMaxRequestSize" time="0.01600170135498047"></testcase><testcase classname="cherrypy.test.test_config_server.ServerConfigTests" file="cherrypy\test\test_config_server.py" line="68" name="testMaxRequestSizePerHandler" time="0.015242576599121094"></testcase><testcase classname="cherrypy.test.test_config_server.ServerConfigTests" file="cherrypy\test\helper.py" line="284" name="test_gc" time="0.3593780994415283"></testcase><testcase classname="cherrypy.test.test_conn.ConnectionCloseTests" file="cherrypy\test\test_conn.py" line="245" name="test_HTTP10_KeepAlive" time="0.21875262260437012"></testcase><testcase classname="cherrypy.test.test_conn.ConnectionCloseTests" file="cherrypy\test\test_conn.py" line="108" name="test_HTTP11" time="0.015613317489624023"></testcase><testcase classname="cherrypy.test.test_conn.ConnectionCloseTests" file="cherrypy\test\test_conn.py" line="137" name="test_Streaming_no_len" time="0.0"></testcase><testcase classname="cherrypy.test.test_conn.ConnectionCloseTests" file="cherrypy\test\test_conn.py" line="146" name="test_Streaming_with_len" time="0.0"></testcase><testcase classname="cherrypy.test.test_conn.ConnectionCloseTests" file="cherrypy\test\helper.py" line="284" name="test_gc" time="0.20313262939453125"></testcase><testcase classname="cherrypy.test.test_conn.PipelineTests" file="cherrypy\test\test_conn.py" line="459" name="test_100_Continue" time="0.21875596046447754"></testcase><testcase classname="cherrypy.test.test_conn.PipelineTests" file="cherrypy\test\test_conn.py" line="278" name="test_HTTP11_Timeout" time="4.019055604934692"></testcase><testcase classname="cherrypy.test.test_conn.PipelineTests" file="cherrypy\test\test_conn.py" line="318" name="test_HTTP11_Timeout_after_request" time="4.016358852386475"></testcase><testcase classname="cherrypy.test.test_conn.PipelineTests" file="cherrypy\test\test_conn.py" line="416" name="test_HTTP11_pipelining" time="0.015611886978149414"></testcase><testcase classname="cherrypy.test.test_conn.PipelineTests" file="cherrypy\test\helper.py" line="284" name="test_gc" time="0.2500166893005371"></testcase><testcase classname="cherrypy.test.test_conn.ConnectionTests" file="cherrypy\test\test_conn.py" line="724" name="test_598" time="0.8247861862182617"></testcase><testcase classname="cherrypy.test.test_conn.ConnectionTests" file="cherrypy\test\test_conn.py" line="624" name="test_Chunked_Encoding" time="0.015614032745361328"></testcase><testcase classname="cherrypy.test.test_conn.ConnectionTests" file="cherrypy\test\test_conn.py" line="674" name="test_Content_Length_in" time="0.0"></testcase><testcase classname="cherrypy.test.test_conn.ConnectionTests" file="cherrypy\test\test_conn.py" line="708" name="test_Content_Length_out_postheaders" time="0.0"></testcase><testcase classname="cherrypy.test.test_conn.ConnectionTests" file="cherrypy\test\test_conn.py" line="691" name="test_Content_Length_out_preheaders" time="0.0"></testcase><testcase classname="cherrypy.test.test_conn.ConnectionTests" file="cherrypy\test\test_conn.py" line="595" name="test_No_Message_Body" time="0.015622615814208984"></testcase><testcase classname="cherrypy.test.test_conn.ConnectionTests" file="cherrypy\test\test_conn.py" line="523" name="test_readall_or_close" time="0.015624761581420898"></testcase><testcase classname="cherrypy.test.test_conn.ConnectionTests" file="cherrypy\test\helper.py" line="284" name="test_gc" time="0.2520911693572998"></testcase><testcase classname="cherrypy.test.test_conn.LimitedRequestQueueTests" file="cherrypy\test\test_conn.py" line="781" name="test_queue_full" time="0.33975744247436523"></testcase><testcase classname="cherrypy.test.test_conn.LimitedRequestQueueTests" file="cherrypy\test\helper.py" line="284" name="test_gc" time="0.2499845027923584"></testcase><testcase classname="cherrypy.test.test_conn.BadRequestTests" file="cherrypy\test\test_conn.py" line="846" name="test_No_CRLF" time="0.22237920761108398"></testcase><testcase classname="cherrypy.test.test_conn.BadRequestTests" file="cherrypy\test\helper.py" line="284" name="test_gc" time="0.2343730926513672"></testcase><testcase classname="cherrypy.test.test_core.CoreRequestHandlingTest" file="cherrypy\test\test_core.py" line="592" name="testCookies" time="0.22239470481872559"></testcase><testcase classname="cherrypy.test.test_core.CoreRequestHandlingTest" file="cherrypy\test\test_core.py" line="609" name="testDefaultContentType" time="0.016489505767822266"></testcase><testcase classname="cherrypy.test.test_core.CoreRequestHandlingTest" file="cherrypy\test\test_core.py" line="569" name="testFavicon" time="0.014739036560058594"></testcase><testcase classname="cherrypy.test.test_core.CoreRequestHandlingTest" file="cherrypy\test\test_core.py" line="506" name="testFlatten" time="0.0"></testcase><testcase classname="cherrypy.test.test_core.CoreRequestHandlingTest" file="cherrypy\test\test_core.py" line="513" name="testRanges" time="0.031250953674316406"></testcase><testcase classname="cherrypy.test.test_core.CoreRequestHandlingTest" file="cherrypy\test\test_core.py" line="352" name="testRedirect" time="0.06249570846557617"></testcase><testcase classname="cherrypy.test.test_core.CoreRequestHandlingTest" file="cherrypy\test\test_core.py" line="318" name="testSlashes" time="0.01562952995300293"></testcase><testcase classname="cherrypy.test.test_core.CoreRequestHandlingTest" file="cherrypy\test\test_core.py" line="288" name="testStatus" time="0.031249046325683594"></testcase><testcase classname="cherrypy.test.test_core.CoreRequestHandlingTest" file="cherrypy\test\test_core.py" line="462" name="test_InternalRedirect" time="0.03142142295837402"></testcase><testcase classname="cherrypy.test.test_core.CoreRequestHandlingTest" file="cherrypy\test\test_core.py" line="627" name="test_cherrypy_url" time="0.06334137916564941"></testcase><testcase classname="cherrypy.test.test_core.CoreRequestHandlingTest" file="cherrypy\test\test_core.py" line="710" name="test_expose_decorator" time="0.030391454696655273"></testcase><testcase classname="cherrypy.test.test_core.CoreRequestHandlingTest" file="cherrypy\test\test_core.py" line="617" name="test_multiple_headers" time="0.0"></testcase><testcase classname="cherrypy.test.test_core.CoreRequestHandlingTest" file="cherrypy\test\test_core.py" line="312" name="test_on_end_resource_status" time="0.015486717224121094"></testcase><testcase classname="cherrypy.test.test_core.CoreRequestHandlingTest" file="cherrypy\test\test_core.py" line="450" name="test_redirect_with_unicode" time="0.0"></testcase><testcase classname="cherrypy.test.test_core.CoreRequestHandlingTest" file="cherrypy\test\test_core.py" line="443" name="test_redirect_with_xss" time="0.0"></testcase><testcase classname="cherrypy.test.test_core.CoreRequestHandlingTest" file="cherrypy\test\helper.py" line="284" name="test_gc" time="0.20311665534973145"></testcase><testcase classname="cherrypy.test.test_core.ErrorTests" file="cherrypy\test\test_core.py" line="783" name="test_contextmanager" time="0.24962997436523438"></testcase><testcase classname="cherrypy.test.test_core.ErrorTests" file="cherrypy\test\test_core.py" line="777" name="test_start_response_error" time="0.015633821487426758"></testcase><testcase classname="cherrypy.test.test_core.ErrorTests" file="cherrypy\test\helper.py" line="284" name="test_gc" time="0.21526360511779785"></testcase><testcase classname="cherrypy.test.test_core.TestBinding" file="cherrypy\test\test_core.py" line="794" name="test_bind_ephemeral_port" time="0.13611245155334473"></testcase><testcase classname="cherrypy.test.test_dynamicobjectmapping.DynamicObjectMappingTest" file="cherrypy\test\test_dynamicobjectmapping.py" line="339" name="testMethodDispatch" time="0.30305910110473633"></testcase><testcase classname="cherrypy.test.test_dynamicobjectmapping.DynamicObjectMappingTest" file="cherrypy\test\test_dynamicobjectmapping.py" line="271" name="testObjectMapping" time="0.15615081787109375"></testcase><testcase classname="cherrypy.test.test_dynamicobjectmapping.DynamicObjectMappingTest" file="cherrypy\test\test_dynamicobjectmapping.py" line="398" name="testVpathDispatch" time="0.015613079071044922"></testcase><testcase classname="cherrypy.test.test_dynamicobjectmapping.DynamicObjectMappingTest" file="cherrypy\test\helper.py" line="284" name="test_gc" time="0.2656381130218506"></testcase><testcase classname="cherrypy.test.test_encoding.EncodingTests" file="cherrypy\test\test_encoding.py" line="320" name="testEncoding" time="0.22894954681396484"></testcase><testcase classname="cherrypy.test.test_encoding.EncodingTests" file="cherrypy\test\test_encoding.py" line="361" name="testGzip" time="0.031241416931152344"></testcase><testcase classname="cherrypy.test.test_encoding.EncodingTests" file="cherrypy\test\test_encoding.py" line="411" name="test_UnicodeHeaders" time="0.0"></testcase><testcase classname="cherrypy.test.test_encoding.EncodingTests" file="cherrypy\test\test_encoding.py" line="197" name="test_decode_tool" time="0.03125119209289551"></testcase><testcase classname="cherrypy.test.test_encoding.EncodingTests" file="cherrypy\test\test_encoding.py" line="235" name="test_multipart_decoding" time="0.0"></testcase><testcase classname="cherrypy.test.test_encoding.EncodingTests" file="cherrypy\test\test_encoding.py" line="259" name="test_multipart_decoding_bigger_maxrambytes" time="0.017822742462158203"></testcase><testcase classname="cherrypy.test.test_encoding.EncodingTests" file="cherrypy\test\test_encoding.py" line="267" name="test_multipart_decoding_no_charset" time="0.0"></testcase><testcase classname="cherrypy.test.test_encoding.EncodingTests" file="cherrypy\test\test_encoding.py" line="289" name="test_multipart_decoding_no_successful_charset" time="0.013417959213256836"></testcase><testcase classname="cherrypy.test.test_encoding.EncodingTests" file="cherrypy\test\test_encoding.py" line="315" name="test_nontext" time="0.0"></testcase><testcase classname="cherrypy.test.test_encoding.EncodingTests" file="cherrypy\test\test_encoding.py" line="120" name="test_query_string_decoding" time="0.0"></testcase><testcase classname="cherrypy.test.test_encoding.EncodingTests" file="cherrypy\test\test_encoding.py" line="143" name="test_urlencoded_decoding" time="0.015623331069946289"></testcase><testcase classname="cherrypy.test.test_encoding.EncodingTests" file="cherrypy\test\helper.py" line="284" name="test_gc" time="0.2687368392944336"></testcase><testcase classname="cherrypy.test.test_etags.ETagTest" file="cherrypy\test\test_etags.py" line="62" name="test_errors" time="0.23529291152954102"></testcase><testcase classname="cherrypy.test.test_etags.ETagTest" file="cherrypy\test\test_etags.py" line="34" name="test_etags" time="0.03032541275024414"></testcase><testcase classname="cherrypy.test.test_etags.ETagTest" file="cherrypy\test\test_etags.py" line="77" name="test_unicode_body" time="0.0"></testcase><testcase classname="cherrypy.test.test_etags.ETagTest" file="cherrypy\test\helper.py" line="284" name="test_gc" time="0.21876859664916992"></testcase><testcase classname="cherrypy.test.test_http.HTTPTests" file="cherrypy\test\test_http.py" line="243" name="test_garbage_in" time="0.20997858047485352"></testcase><testcase classname="cherrypy.test.test_http.HTTPTests" file="cherrypy\test\test_http.py" line="221" name="test_http_over_https" time="0.0"><skipped message="skipped (not running HTTPS)..." type="pytest.skip">C:\projects\cherrypy\cherrypy\test\helper.py:326: &lt;py._xmlgen.raw object at 0x0000004AC0CFD908&gt;</skipped></testcase><testcase classname="cherrypy.test.test_http.HTTPTests" file="cherrypy\test\test_http.py" line="207" name="test_malformed_header" time="0.0"></testcase><testcase classname="cherrypy.test.test_http.HTTPTests" file="cherrypy\test\test_http.py" line="178" name="test_malformed_request_line" time="0.0"></testcase><testcase classname="cherrypy.test.test_http.HTTPTests" file="cherrypy\test\test_http.py" line="92" name="test_no_content_length" time="2.0420093536376953"></testcase><testcase classname="cherrypy.test.test_http.HTTPTests" file="cherrypy\test\test_http.py" line="151" name="test_post_filename_with_special_characters" time="6.040416717529297"></testcase><testcase classname="cherrypy.test.test_http.HTTPTests" file="cherrypy\test\test_http.py" line="127" name="test_post_multipart" time="1.1836764812469482"></testcase><testcase classname="cherrypy.test.test_http.HTTPTests" file="cherrypy\test\test_http.py" line="197" name="test_request_line_split_issue_1220" time="0.0"></testcase><testcase classname="cherrypy.test.test_http.HTTPTests" file="cherrypy\test\helper.py" line="284" name="test_gc" time="0.2681865692138672"></testcase><testcase classname="cherrypy.test.test_httpauth.HTTPAuthTest" file="cherrypy\test\test_httpauth.py" line="82" name="testBasic" time="0.21978974342346191"></testcase><testcase classname="cherrypy.test.test_httpauth.HTTPAuthTest" file="cherrypy\test\test_httpauth.py" line="94" name="testBasic2" time="0.015717506408691406"></testcase><testcase classname="cherrypy.test.test_httpauth.HTTPAuthTest" file="cherrypy\test\test_httpauth.py" line="106" name="testDigest" time="0.031406402587890625"></testcase><testcase classname="cherrypy.test.test_httpauth.HTTPAuthTest" file="cherrypy\test\test_httpauth.py" line="76" name="testPublic" time="0.0"></testcase><testcase classname="cherrypy.test.test_httpauth.HTTPAuthTest" file="cherrypy\test\helper.py" line="284" name="test_gc" time="0.27351880073547363"></testcase><testcase classname="cherrypy.test.test_httplib.UtilityTests" file="cherrypy\test\test_httplib.py" line="8" name="test_urljoin" time="0.0"></testcase><testcase classname="cherrypy.test.test_iterator.IteratorTest" file="cherrypy\test\test_iterator.py" line="104" name="test_iterator" time="0.528801679611206"></testcase><testcase classname="cherrypy.test.test_iterator.IteratorTest" file="cherrypy\test\helper.py" line="284" name="test_gc" time="0.21875286102294922"></testcase><testcase classname="cherrypy.test.test_json.JsonTest" file="cherrypy\test\test_json.py" line="92" name="test_cached" time="0.22237133979797363"></testcase><testcase classname="cherrypy.test.test_json.JsonTest" file="cherrypy\test\test_json.py" line="69" name="test_json_input" time="0.015620946884155273"></testcase><testcase classname="cherrypy.test.test_json.JsonTest" file="cherrypy\test\test_json.py" line="52" name="test_json_output" time="0.0156252384185791"></testcase><testcase classname="cherrypy.test.test_json.JsonTest" file="cherrypy\test\helper.py" line="284" name="test_gc" time="0.24148297309875488"></testcase><testcase classname="cherrypy.test.test_logging.AccessLogTests" file="cherrypy\test\test_logging.py" line="108" name="testCustomLogFormat" time="0.2142467498779297"></testcase><testcase classname="cherrypy.test.test_logging.AccessLogTests" file="cherrypy\test\test_logging.py" line="129" name="testEscapedOutput" time="0.0"></testcase><testcase classname="cherrypy.test.test_logging.AccessLogTests" file="cherrypy\test\test_logging.py" line="71" name="testNormalReturn" time="0.015610456466674805"></testcase><testcase classname="cherrypy.test.test_logging.AccessLogTests" file="cherrypy\test\test_logging.py" line="92" name="testNormalYield" time="0.0"></testcase><testcase classname="cherrypy.test.test_logging.AccessLogTests" file="cherrypy\test\helper.py" line="284" name="test_gc" time="0.21576976776123047"></testcase><testcase classname="cherrypy.test.test_logging.ErrorLogTests" file="cherrypy\test\test_logging.py" line="165" name="testTracebacks" time="0.2248520851135254"></testcase><testcase classname="cherrypy.test.test_logging.ErrorLogTests" file="cherrypy\test\helper.py" line="284" name="test_gc" time="0.2187650203704834"></testcase><testcase classname="cherrypy.test.test_mime.MultipartTest" file="cherrypy\test\test_mime.py" line="34" name="test_multipart" time="0.21177315711975098"></testcase><testcase classname="cherrypy.test.test_mime.MultipartTest" file="cherrypy\test\test_mime.py" line="66" name="test_multipart_form_data" time="0.0"></testcase><testcase classname="cherrypy.test.test_mime.MultipartTest" file="cherrypy\test\helper.py" line="284" name="test_gc" time="0.25003981590270996"></testcase><testcase classname="cherrypy.test.test_mime.SafeMultipartHandlingTest" file="cherrypy\test\test_mime.py" line="98" name="test_Flash_Upload" time="0.22179222106933594"></testcase><testcase classname="cherrypy.test.test_mime.SafeMultipartHandlingTest" file="cherrypy\test\helper.py" line="284" name="test_gc" time="0.2344067096710205"></testcase><testcase classname="cherrypy.test.test_misc_tools.ResponseHeadersTest" file="cherrypy\test\test_misc_tools.py" line="109" name="testResponseHeaders" time="0.21874499320983887"></testcase><testcase classname="cherrypy.test.test_misc_tools.ResponseHeadersTest" file="cherrypy\test\test_misc_tools.py" line="104" name="testResponseHeadersDecorator" time="0.0"></testcase><testcase classname="cherrypy.test.test_misc_tools.ResponseHeadersTest" file="cherrypy\test\helper.py" line="284" name="test_gc" time="0.2859385013580322"></testcase><testcase classname="cherrypy.test.test_misc_tools.RefererTest" file="cherrypy\test\test_misc_tools.py" line="118" name="testReferer" time="0.23601603507995605"></testcase><testcase classname="cherrypy.test.test_misc_tools.RefererTest" file="cherrypy\test\helper.py" line="284" name="test_gc" time="0.24640417098999023"></testcase><testcase classname="cherrypy.test.test_misc_tools.AcceptTest" file="cherrypy\test\test_misc_tools.py" line="140" name="test_Accept_Tool" time="0.25101518630981445"></testcase><testcase classname="cherrypy.test.test_misc_tools.AcceptTest" file="cherrypy\test\test_misc_tools.py" line="174" name="test_accept_selection" time="0.015625"></testcase><testcase classname="cherrypy.test.test_misc_tools.AcceptTest" file="cherrypy\test\helper.py" line="284" name="test_gc" time="0.2968907356262207"></testcase><testcase classname="cherrypy.test.test_misc_tools.AutoVaryTest" file="cherrypy\test\test_misc_tools.py" line="208" name="testAutoVary" time="0.23852992057800293"></testcase><testcase classname="cherrypy.test.test_misc_tools.AutoVaryTest" file="cherrypy\test\helper.py" line="284" name="test_gc" time="0.283292293548584"></testcase><testcase classname="cherrypy.test.test_objectmapping.ObjectMappingTest" file="cherrypy\test\test_objectmapping.py" line="337" name="testExpose" time="0.23949527740478516"></testcase><testcase classname="cherrypy.test.test_objectmapping.ObjectMappingTest" file="cherrypy\test\test_objectmapping.py" line="417" name="testKeywords" time="0.0"></testcase><testcase classname="cherrypy.test.test_objectmapping.ObjectMappingTest" file="cherrypy\test\test_objectmapping.py" line="357" name="testMethodDispatch" time="0.031250715255737305"></testcase><testcase classname="cherrypy.test.test_objectmapping.ObjectMappingTest" file="cherrypy\test\test_objectmapping.py" line="176" name="testObjectMapping" time="0.24103784561157227"></testcase><testcase classname="cherrypy.test.test_objectmapping.ObjectMappingTest" file="cherrypy\test\test_objectmapping.py" line="323" name="testPositionalParams" time="0.01562643051147461"></testcase><testcase classname="cherrypy.test.test_objectmapping.ObjectMappingTest" file="cherrypy\test\test_objectmapping.py" line="387" name="testTreeMounting" time="0.0"></testcase><testcase classname="cherrypy.test.test_objectmapping.ObjectMappingTest" file="cherrypy\test\test_objectmapping.py" line="299" name="test_redir_using_url" time="0.04687190055847168"></testcase><testcase classname="cherrypy.test.test_objectmapping.ObjectMappingTest" file="cherrypy\test\test_objectmapping.py" line="286" name="test_translate" time="0.0"></testcase><testcase classname="cherrypy.test.test_objectmapping.ObjectMappingTest" file="cherrypy\test\helper.py" line="284" name="test_gc" time="0.2656369209289551"></testcase><testcase classname="cherrypy.test.test_params.ParamsTest" file="cherrypy\test\test_params.py" line="29" name="test_error" time="0.21874547004699707"></testcase><testcase classname="cherrypy.test.test_params.ParamsTest" file="cherrypy\test\test_params.py" line="20" name="test_pass" time="0.0"></testcase><testcase classname="cherrypy.test.test_params.ParamsTest" file="cherrypy\test\test_params.py" line="43" name="test_syntax" time="0.0"></testcase><testcase classname="cherrypy.test.test_params.ParamsTest" file="cherrypy\test\helper.py" line="284" name="test_gc" time="0.2500181198120117"></testcase><testcase classname="cherrypy.test.test_proxy.ProxyTest" file="cherrypy\test\test_proxy.py" line="63" name="testProxy" time="0.2499849796295166"></testcase><testcase classname="cherrypy.test.test_proxy.ProxyTest" file="cherrypy\test\helper.py" line="284" name="test_gc" time="0.31251001358032227"></testcase><testcase classname="cherrypy.test.test_refleaks.ReferenceTests" file="cherrypy\test\test_refleaks.py" line="28" name="test_threadlocal_garbage" time="0.28130412101745605"></testcase><testcase classname="cherrypy.test.test_refleaks.ReferenceTests" file="cherrypy\test\helper.py" line="284" name="test_gc" time="0.2854914665222168"></testcase><testcase classname="cherrypy.test.test_request_obj.RequestObjectTests" file="cherrypy\test\test_request_obj.py" line="306" name="testAbsoluteURIPathInfo" time="0.2404494285583496"></testcase><testcase classname="cherrypy.test.test_request_obj.RequestObjectTests" file="cherrypy\test\test_request_obj.py" line="855" name="testEmptyThreadlocals" time="0.040654897689819336"></testcase><testcase classname="cherrypy.test.test_request_obj.RequestObjectTests" file="cherrypy\test\test_request_obj.py" line="514" name="testErrorHandling" time="0.0547027587890625"></testcase><testcase classname="cherrypy.test.test_request_obj.RequestObjectTests" file="cherrypy\test\test_request_obj.py" line="593" name="testExpect" time="0.0"></testcase><testcase classname="cherrypy.test.test_request_obj.RequestObjectTests" file="cherrypy\test\test_request_obj.py" line="601" name="testHeaderElements" time="0.02966618537902832"></testcase><testcase classname="cherrypy.test.test_request_obj.RequestObjectTests" file="cherrypy\test\test_request_obj.py" line="356" name="testParamErrors" time="0.17198777198791504"></testcase><testcase classname="cherrypy.test.test_request_obj.RequestObjectTests" file="cherrypy\test\test_request_obj.py" line="311" name="testParams" time="0.03110504150390625"></testcase><testcase classname="cherrypy.test.test_request_obj.RequestObjectTests" file="cherrypy\test\test_request_obj.py" line="302" name="testRelativeURIPathInfo" time="0.0"></testcase><testcase classname="cherrypy.test.test_request_obj.RequestObjectTests" file="cherrypy\test\test_request_obj.py" line="848" name="test_CONNECT_method" time="0.0"></testcase><testcase classname="cherrypy.test.test_request_obj.RequestObjectTests" file="cherrypy\test\test_request_obj.py" line="721" name="test_basic_HTTPMethods" time="0.06250333786010742"></testcase><testcase classname="cherrypy.test.test_request_obj.RequestObjectTests" file="cherrypy\test\test_request_obj.py" line="679" name="test_encoded_headers" time="0.0"></testcase><testcase classname="cherrypy.test.test_request_obj.RequestObjectTests" file="cherrypy\test\test_request_obj.py" line="708" name="test_header_presence" time="0.015618562698364258"></testcase><testcase classname="cherrypy.test.test_request_obj.RequestObjectTests" file="cherrypy\test\test_request_obj.py" line="663" name="test_repeated_headers" time="0.0"></testcase><testcase classname="cherrypy.test.test_request_obj.RequestObjectTests" file="cherrypy\test\test_request_obj.py" line="298" name="test_scheme" time="0.0"></testcase><testcase classname="cherrypy.test.test_request_obj.RequestObjectTests" file="cherrypy\test\helper.py" line="284" name="test_gc" time="0.2812619209289551"></testcase><testcase classname="cherrypy.test.test_routes.RoutesDispatchTest" file="cherrypy\test\test_routes.py" line="59" name="test_Routes_Dispatch" time="0.2343766689300537"></testcase><testcase classname="cherrypy.test.test_routes.RoutesDispatchTest" file="cherrypy\test\helper.py" line="284" name="test_gc" time="0.24980854988098145"></testcase><testcase classname="cherrypy.test.test_session.SessionTest" file="cherrypy\test\test_session.py" line="145" name="test_0_Session" time="0.22859883308410645"><skipped message="expected test failure">#1534</skipped></testcase><testcase classname="cherrypy.test.test_session.SessionTest" file="cherrypy\test\test_session.py" line="221" name="test_1_Ram_Concurrency" time="2.375016927719116"></testcase><testcase classname="cherrypy.test.test_session.SessionTest" file="cherrypy\test\test_session.py" line="225" name="test_2_File_Concurrency" time="4.978564977645874"></testcase><testcase classname="cherrypy.test.test_session.SessionTest" file="cherrypy\test\test_session.py" line="280" name="test_3_Redirect" time="0.0156097412109375"></testcase><testcase classname="cherrypy.test.test_session.SessionTest" file="cherrypy\test\test_session.py" line="286" name="test_4_File_deletion" time="0.015634775161743164"></testcase><testcase classname="cherrypy.test.test_session.SessionTest" file="cherrypy\test\test_session.py" line="296" name="test_5_Error_paths" time="0.01562643051147461"></testcase><testcase classname="cherrypy.test.test_session.SessionTest" file="cherrypy\test\test_session.py" line="309" name="test_6_regenerate" time="0.031241178512573242"></testcase><testcase classname="cherrypy.test.test_session.SessionTest" file="cherrypy\test\test_session.py" line="330" name="test_7_session_cookies" time="2.519711494445801"></testcase><testcase classname="cherrypy.test.test_session.SessionTest" file="cherrypy\test\test_session.py" line="373" name="test_8_Ram_Cleanup" time="1.0122594833374023"></testcase><testcase classname="cherrypy.test.test_session.SessionTest" file="cherrypy\test\helper.py" line="284" name="test_gc" time="0.305560827255249"></testcase><testcase classname="cherrypy.test.test_session.MemcachedSessionTest" file="cherrypy\test\test_session.py" line="416" name="test" time="0.21214604377746582"><skipped message="memcached not reachable" type="pytest.skip">C:\projects\cherrypy\cherrypy\test\helper.py:326: &lt;py._xmlgen.raw object at 0x0000004ABDB12C88&gt;</skipped></testcase><testcase classname="cherrypy.test.test_session.MemcachedSessionTest" file="cherrypy\test\helper.py" line="284" name="test_gc" time="0.28125643730163574"></testcase><testcase classname="cherrypy.test.test_sessionauthenticate.SessionAuthenticateTest" file="cherrypy\test\test_sessionauthenticate.py" line="38" name="testSessionAuthenticate" time="0.234358549118042"></testcase><testcase classname="cherrypy.test.test_sessionauthenticate.SessionAuthenticateTest" file="cherrypy\test\helper.py" line="284" name="test_gc" time="0.2968873977661133"></testcase><testcase classname="cherrypy.test.test_states.ServerStateTests" file="cherrypy\test\test_states.py" line="101" name="test_0_NormalStateFlow" time="0.9977881908416748"></testcase><testcase classname="cherrypy.test.test_states.ServerStateTests" file="cherrypy\test\test_states.py" line="143" name="test_1_Restart" time="0.343747615814209"></testcase><testcase classname="cherrypy.test.test_states.ServerStateTests" file="cherrypy\test\test_states.py" line="179" name="test_2_KeyboardInterrupt" time="1.8729236125946045"></testcase><testcase classname="cherrypy.test.test_states.ServerStateTests" file="cherrypy\test\test_states.py" line="237" name="test_3_Deadlocks" time="1.0699620246887207"></testcase><testcase classname="cherrypy.test.test_states.ServerStateTests" file="cherrypy\test\test_states.py" line="268" name="test_4_Autoreload" time="6.512096643447876"></testcase><testcase classname="cherrypy.test.test_states.ServerStateTests" file="cherrypy\test\test_states.py" line="303" name="test_5_Start_Error" time="2.0804550647735596"></testcase><testcase classname="cherrypy.test.test_states.ServerStateTests" file="cherrypy\test\helper.py" line="284" name="test_gc" time="0.0"></testcase><testcase classname="cherrypy.test.test_states.PluginTests" file="cherrypy\test\test_states.py" line="325" name="test_daemonize" time="0.0"><skipped message="skipped (not on posix)" type="pytest.skip">C:\projects\cherrypy\cherrypy\test\helper.py:326: &lt;py._xmlgen.raw object at 0x0000004AC4117BE0&gt;</skipped></testcase><testcase classname="cherrypy.test.test_states.PluginTests" file="cherrypy\test\helper.py" line="284" name="test_gc" time="0.0"></testcase><testcase classname="cherrypy.test.test_states.SignalHandlingTests" file="cherrypy\test\test_states.py" line="376" name="test_SIGHUP_daemonized" time="0.0"><skipped message="skipped (no SIGHUP)" type="pytest.skip">C:\projects\cherrypy\cherrypy\test\helper.py:326: &lt;py._xmlgen.raw object at 0x0000004AC411DB38&gt;</skipped></testcase><testcase classname="cherrypy.test.test_states.SignalHandlingTests" file="cherrypy\test\test_states.py" line="359" name="test_SIGHUP_tty" time="0.0"><skipped message="skipped (no SIGHUP)" type="pytest.skip">C:\projects\cherrypy\cherrypy\test\helper.py:326: &lt;py._xmlgen.raw object at 0x0000004AC4117EB8&gt;</skipped></testcase><testcase classname="cherrypy.test.test_states.SignalHandlingTests" file="cherrypy\test\test_states.py" line="417" name="test_SIGTERM" time="2.369915008544922"></testcase><testcase classname="cherrypy.test.test_states.SignalHandlingTests" file="cherrypy\test\test_states.py" line="443" name="test_signal_handler_unsubscribe" time="0.0"><skipped message="SIGTERM not available" type="pytest.skip">C:\projects\cherrypy\cherrypy\test\helper.py:326: &lt;py._xmlgen.raw object at 0x0000004AC410EF60&gt;</skipped></testcase><testcase classname="cherrypy.test.test_states.SignalHandlingTests" file="cherrypy\test\helper.py" line="284" name="test_gc" time="0.0"></testcase><testcase classname="cherrypy.test.test_states.WaitTests" file="cherrypy\test\test_states.py" line="473" name="test_safe_wait_INADDR_ANY" time="2.3441784381866455"></testcase><testcase classname="cherrypy.test.test_static.StaticTest" file="cherrypy\test\test_static.py" line="249" name="test_755_vhost" time="0.346233606338501"></testcase><testcase classname="cherrypy.test.test_static.StaticTest" file="cherrypy\test\test_static.py" line="212" name="test_config_errors" time="0.0"></testcase><testcase classname="cherrypy.test.test_static.StaticTest" file="cherrypy\test\test_static.py" line="377" name="test_error_page_with_serve_file" time="0.01561284065246582"></testcase><testcase classname="cherrypy.test.test_static.StaticTest" file="cherrypy\test\test_static.py" line="188" name="test_fallthrough" time="0.0"></testcase><testcase classname="cherrypy.test.test_static.StaticTest" file="cherrypy\test\test_static.py" line="269" name="test_file_stream" time="2.57812237739563"><skipped message="expected test failure">#1475</skipped></testcase><testcase classname="cherrypy.test.test_static.StaticTest" file="cherrypy\test\test_static.py" line="348" name="test_file_stream_deadlock" time="0.17187023162841797"></testcase><testcase classname="cherrypy.test.test_static.StaticTest" file="cherrypy\test\test_static.py" line="199" name="test_index" time="0.0"></testcase><testcase classname="cherrypy.test.test_static.StaticTest" file="cherrypy\test\test_static.py" line="233" name="test_modif" time="0.015627145767211914"></testcase><testcase classname="cherrypy.test.test_static.StaticTest" file="cherrypy\test\test_static.py" line="382" name="test_null_bytes" time="0.0"></testcase><testcase classname="cherrypy.test.test_static.StaticTest" file="cherrypy\test\test_static.py" line="228" name="test_security" time="0.015625715255737305"></testcase><testcase classname="cherrypy.test.test_static.StaticTest" file="cherrypy\test\test_static.py" line="262" name="test_serve_bytesio" time="0.0"></testcase><testcase classname="cherrypy.test.test_static.StaticTest" file="cherrypy\test\test_static.py" line="256" name="test_serve_fileobj" time="0.0"></testcase><testcase classname="cherrypy.test.test_static.StaticTest" file="cherrypy\test\test_static.py" line="161" name="test_static" time="0.015659570693969727"></testcase><testcase classname="cherrypy.test.test_static.StaticTest" file="cherrypy\test\test_static.py" line="402" name="test_unicode" time="0.015588760375976562"></testcase><testcase classname="cherrypy.test.test_static.StaticTest" file="cherrypy\test\helper.py" line="284" name="test_gc" time="0.31772398948669434"></testcase><testcase classname="cherrypy.test.test_tools.ToolTests" file="cherrypy\test\test_tools.py" line="377" name="testBareHooks" time="0.21881413459777832"></testcase><testcase classname="cherrypy.test.test_tools.ToolTests" file="cherrypy\test\test_tools.py" line="343" name="testCombinedTools" time="0.015611410140991211"></testcase><testcase classname="cherrypy.test.test_tools.ToolTests" file="cherrypy\test\test_tools.py" line="413" name="testDecorator" time="0.0"></testcase><testcase classname="cherrypy.test.test_tools.ToolTests" file="cherrypy\test\test_tools.py" line="299" name="testEndRequestOnDrop" time="0.4153761863708496"></testcase><testcase classname="cherrypy.test.test_tools.ToolTests" file="cherrypy\test\test_tools.py" line="332" name="testGuaranteedHooks" time="0.0"></testcase><testcase classname="cherrypy.test.test_tools.ToolTests" file="cherrypy\test\test_tools.py" line="385" name="testHandlerWrapperTool" time="0.0"></testcase><testcase classname="cherrypy.test.test_tools.ToolTests" file="cherrypy\test\test_tools.py" line="254" name="testHookErrors" time="0.34359049797058105"></testcase><testcase classname="cherrypy.test.test_tools.ToolTests" file="cherrypy\test\test_tools.py" line="389" name="testToolWithConfig" time="0.0"></testcase><testcase classname="cherrypy.test.test_tools.ToolTests" file="cherrypy\test\test_tools.py" line="396" name="testWarnToolOn" time="0.0"></testcase><testcase classname="cherrypy.test.test_tools.ToolTests" file="cherrypy\test\helper.py" line="284" name="test_gc" time="0.23854541778564453"></testcase><testcase classname="cherrypy.test.test_tools.SessionAuthTest" file="cherrypy\test\test_tools.py" line="431" name="test_login_screen_returns_bytes" time="0.0"></testcase><testcase classname="cherrypy.test.test_tutorials.TutorialTest" file="cherrypy\test\test_tutorials.py" line="55" name="test01HelloWorld" time="0.22480463981628418"></testcase><testcase classname="cherrypy.test.test_tutorials.TutorialTest" file="cherrypy\test\test_tutorials.py" line="60" name="test02ExposeMethods" time="0.0"></testcase><testcase classname="cherrypy.test.test_tutorials.TutorialTest" file="cherrypy\test\test_tutorials.py" line="65" name="test03GetAndPost" time="0.015619277954101562"></testcase><testcase classname="cherrypy.test.test_tutorials.TutorialTest" file="cherrypy\test\test_tutorials.py" line="85" name="test04ComplexSite" time="0.015617847442626953"></testcase><testcase classname="cherrypy.test.test_tutorials.TutorialTest" file="cherrypy\test\test_tutorials.py" line="100" name="test05DerivedObjects" time="0.0"></testcase><testcase classname="cherrypy.test.test_tutorials.TutorialTest" file="cherrypy\test\test_tutorials.py" line="123" name="test06DefaultMethod" time="0.015629291534423828"></testcase><testcase classname="cherrypy.test.test_tutorials.TutorialTest" file="cherrypy\test\test_tutorials.py" line="129" name="test07Sessions" time="0.0"></testcase><testcase classname="cherrypy.test.test_tutorials.TutorialTest" file="cherrypy\test\test_tutorials.py" line="144" name="test08GeneratorsAndYield" time="0.015623092651367188"></testcase><testcase classname="cherrypy.test.test_tutorials.TutorialTest" file="cherrypy\test\test_tutorials.py" line="152" name="test09Files" time="0.0"></testcase><testcase classname="cherrypy.test.test_tutorials.TutorialTest" file="cherrypy\test\test_tutorials.py" line="183" name="test10HTTPErrors" time="0.03124713897705078"></testcase><testcase classname="cherrypy.test.test_tutorials.TutorialTest" file="cherrypy\test\helper.py" line="284" name="test_gc" time="0.28436970710754395"></testcase><testcase classname="cherrypy.test.test_virtualhost.VirtualHostTest" file="cherrypy\test\test_virtualhost.py" line="67" name="testVirtualHost" time="0.24998950958251953"></testcase><testcase classname="cherrypy.test.test_virtualhost.VirtualHostTest" file="cherrypy\test\test_virtualhost.py" line="95" name="test_VHost_plus_Static" time="0.015624046325683594"></testcase><testcase classname="cherrypy.test.test_virtualhost.VirtualHostTest" file="cherrypy\test\helper.py" line="284" name="test_gc" time="0.27983546257019043"></testcase><testcase classname="cherrypy.test.test_wsgi_ns.WSGI_Namespace_Test" file="cherrypy\test\test_wsgi_ns.py" line="87" name="test_pipeline" time="0.23440003395080566"></testcase><testcase classname="cherrypy.test.test_wsgi_ns.WSGI_Namespace_Test" file="cherrypy\test\helper.py" line="284" name="test_gc" time="0.2268998622894287"></testcase><testcase classname="cherrypy.test.test_wsgi_unix_socket.WSGI_UnixSocket_Test" file="cherrypy\test\test_wsgi_unix_socket.py" line="87" name="test_internal_error" time="0.0"><skipped message="condition: sys.platform == &apos;win32&apos;" type="pytest.skip">cherrypy\test\test_wsgi_unix_socket.py:87: &lt;py._xmlgen.raw object at 0x0000004AC40D7EB8&gt;</skipped></testcase><testcase classname="cherrypy.test.test_wsgi_unix_socket.WSGI_UnixSocket_Test" file="cherrypy\test\test_wsgi_unix_socket.py" line="83" name="test_not_found" time="0.0"><skipped message="condition: sys.platform == &apos;win32&apos;" type="pytest.skip">cherrypy\test\test_wsgi_unix_socket.py:83: &lt;py._xmlgen.raw object at 0x0000004AC3D21F98&gt;</skipped></testcase><testcase classname="cherrypy.test.test_wsgi_unix_socket.WSGI_UnixSocket_Test" file="cherrypy\test\test_wsgi_unix_socket.py" line="78" name="test_simple_request" time="0.0"><skipped message="condition: sys.platform == &apos;win32&apos;" type="pytest.skip">cherrypy\test\test_wsgi_unix_socket.py:78: &lt;py._xmlgen.raw object at 0x0000004AC3D2D550&gt;</skipped></testcase><testcase classname="cherrypy.test.test_wsgi_unix_socket.WSGI_UnixSocket_Test" file="cherrypy\test\helper.py" line="284" name="test_gc" time="0.0"><skipped message="condition: sys.platform == &apos;win32&apos;" type="pytest.skip">cherrypy\test\helper.py:284: &lt;py._xmlgen.raw object at 0x0000004AC3D2DCC0&gt;</skipped></testcase><testcase classname="cherrypy.test.test_wsgi_vhost.WSGI_VirtualHost_Test" file="cherrypy\test\test_wsgi_vhost.py" line="27" name="test_welcome" time="0.23592734336853027"></testcase><testcase classname="cherrypy.test.test_wsgi_vhost.WSGI_VirtualHost_Test" file="cherrypy\test\helper.py" line="284" name="test_gc" time="0.10938382148742676"><skipped message="condition: sys.platform == &apos;win32&apos;" type="pytest.skip">cherrypy\test\helper.py:284: &lt;py._xmlgen.raw object at 0x0000004AC3D4B828&gt;</skipped></testcase><testcase classname="cherrypy.test.test_wsgiapps.WSGIGraftTests" file="cherrypy\test\test_wsgiapps.py" line="94" name="test_01_standard_app" time="0.21876287460327148"></testcase><testcase classname="cherrypy.test.test_wsgiapps.WSGIGraftTests" file="cherrypy\test\test_wsgiapps.py" line="98" name="test_04_pure_wsgi" time="0.0"></testcase><testcase classname="cherrypy.test.test_wsgiapps.WSGIGraftTests" file="cherrypy\test\test_wsgiapps.py" line="106" name="test_05_wrapped_cp_app" time="0.0"></testcase><testcase classname="cherrypy.test.test_wsgiapps.WSGIGraftTests" file="cherrypy\test\test_wsgiapps.py" line="116" name="test_06_empty_string_app" time="0.0"></testcase><testcase classname="cherrypy.test.test_wsgiapps.WSGIGraftTests" file="cherrypy\test\helper.py" line="284" name="test_gc" time="0.12758207321166992"><skipped message="condition: sys.platform == &apos;win32&apos;" type="pytest.skip">cherrypy\test\helper.py:284: &lt;py._xmlgen.raw object at 0x0000004AC3D56C50&gt;</skipped></testcase><testcase classname="cherrypy.test.test_xmlrpc.XmlRpcTest" file="cherrypy\test\test_xmlrpc.py" line="124" name="testXmlRpc" time="0.2404341697692871"></testcase><testcase classname="cherrypy.test.test_xmlrpc.XmlRpcTest" file="cherrypy\test\helper.py" line="284" name="test_gc" time="0.21877431869506836"><skipped message="condition: sys.platform == &apos;win32&apos;" type="pytest.skip">cherrypy\test\helper.py:284: &lt;py._xmlgen.raw object at 0x0000004ABF1426A0&gt;</skipped></testcase></testsuite>